<?xml version="1.0" encoding="UTF-8"?>
<testng-results ignored="0" total="1" passed="1" failed="0" skipped="0">
  <reporter-output>
    <line>
      <![CDATA[Emp creation success:::13264 13264]]>
    </line>
    <line>
      <![CDATA[Emp creation success:::13265 13265]]>
    </line>
    <line>
      <![CDATA[Emp creation success:::13266 13266]]>
    </line>
    <line>
      <![CDATA[Emp creation success:::13267 13267]]>
    </line>
    <line>
      <![CDATA[Emp creation success:::13268 13268]]>
    </line>
    <line>
      <![CDATA[Emp creation success:::13269 13269]]>
    </line>
    <line>
      <![CDATA[Emp creation success:::13270 13270]]>
    </line>
    <line>
      <![CDATA[Emp creation success:::13271 13271]]>
    </line>
    <line>
      <![CDATA[Emp creation success:::13272 13272]]>
    </line>
    <line>
      <![CDATA[Emp creation success:::13273 13273]]>
    </line>
    <line>
      <![CDATA[Emp creation success:::13274 13274]]>
    </line>
  </reporter-output>
  <suite started-at="2022-09-21T08:31:06 BST" name="Default suite" finished-at="2022-09-21T08:32:17 BST" duration-ms="70698">
    <groups>
    </groups>
    <test started-at="2022-09-21T08:31:06 BST" name="Default test" finished-at="2022-09-21T08:32:17 BST" duration-ms="70698">
      <class name="DriverFactory.DriverScriptPOM">
        <test-method is-config="true" signature="setup()[pri:0, instance:DriverFactory.DriverScriptPOM@663c9e7a]" started-at="2022-09-21T08:31:06 BST" name="setup" finished-at="2022-09-21T08:31:22 BST" duration-ms="15420" status="PASS">
          <reporter-output>
          </reporter-output>
        </test-method> <!-- setup -->
        <test-method signature="startTest()[pri:0, instance:DriverFactory.DriverScriptPOM@663c9e7a]" started-at="2022-09-21T08:31:22 BST" name="startTest" finished-at="2022-09-21T08:32:17 BST" duration-ms="54904" status="PASS">
          <reporter-output>
            <line>
              <![CDATA[Emp creation success:::13264 13264]]>
            </line>
            <line>
              <![CDATA[Emp creation success:::13265 13265]]>
            </line>
            <line>
              <![CDATA[Emp creation success:::13266 13266]]>
            </line>
            <line>
              <![CDATA[Emp creation success:::13267 13267]]>
            </line>
            <line>
              <![CDATA[Emp creation success:::13268 13268]]>
            </line>
            <line>
              <![CDATA[Emp creation success:::13269 13269]]>
            </line>
            <line>
              <![CDATA[Emp creation success:::13270 13270]]>
            </line>
            <line>
              <![CDATA[Emp creation success:::13271 13271]]>
            </line>
            <line>
              <![CDATA[Emp creation success:::13272 13272]]>
            </line>
            <line>
              <![CDATA[Emp creation success:::13273 13273]]>
            </line>
            <line>
              <![CDATA[Emp creation success:::13274 13274]]>
            </line>
          </reporter-output>
        </test-method> <!-- startTest -->
        <test-method is-config="true" signature="teardown()[pri:0, instance:DriverFactory.DriverScriptPOM@663c9e7a]" started-at="2022-09-21T08:32:17 BST" name="teardown" finished-at="2022-09-21T08:32:17 BST" duration-ms="210" status="PASS">
          <reporter-output>
          </reporter-output>
        </test-method> <!-- teardown -->
      </class> <!-- DriverFactory.DriverScriptPOM -->
    </test> <!-- Default test -->
  </suite> <!-- Default suite -->
</testng-results>
